[20:00:51] [main/INFO]: Loading Minecraft 1.21.10 with Fabric Loader 0.17.2
[20:00:51] [main/INFO]: Loading 4 mods:
	- fabricloader 0.17.2
	   \-- mixinextras 0.5.0
	- java 21
	- minecraft 1.21.10
[20:00:51] [main/INFO]: SpongePowered MIXIN Subsystem Version=0.8.7 Source=file:/workspaces/Server_Minecraft/servidor_minecraft/libraries/net/fabricmc/sponge-mixin/0.16.3+mixin.0.8.7/sponge-mixin-0.16.3+mixin.0.8.7.jar Service=Knot/Fabric Env=SERVER
[20:00:56] [main/INFO]: Environment: Environment[sessionHost=https://sessionserver.mojang.com, servicesHost=https://api.minecraftservices.com, profilesHost=https://api.mojang.com, name=PROD]
[20:00:59] [main/INFO]: Loaded 1461 recipes
[20:00:59] [main/INFO]: Loaded 1574 advancements
[20:00:59] [Server thread/INFO]: Starting minecraft server version 1.21.10
[20:00:59] [Server thread/INFO]: Loading properties
[20:00:59] [Server thread/INFO]: Default game type: SURVIVAL
[20:00:59] [Server thread/INFO]: Generating keypair
[20:00:59] [Server thread/INFO]: Starting Minecraft server on *:25565
[20:00:59] [Server thread/INFO]: Using epoll channel type
[20:00:59] [Server thread/WARN]: **** SERVER IS RUNNING IN OFFLINE/INSECURE MODE!
[20:00:59] [Server thread/WARN]: The server will make no attempt to authenticate usernames. Beware.
[20:00:59] [Server thread/WARN]: While this makes the game possible to play without internet access, it also opens up the ability for hackers to connect with any username they choose.
[20:00:59] [Server thread/WARN]: To change this, set "online-mode" to "true" in the server.properties file.
[20:00:59] [Server thread/INFO]: Preparing level "world"
[20:00:59] [Server thread/INFO]: Loading 0 persistent chunks...
[20:00:59] [Server thread/INFO]: Preparing spawn area: 100%
[20:00:59] [Server thread/INFO]: Time elapsed: 15 ms
[20:00:59] [Server thread/INFO]: Done (0.314s)! For help, type "help"
[20:01:00] [Server thread/INFO]: Unknown or incomplete command. See below for error
[20:01:00] [Server thread/INFO]: <--[HERE]
[20:01:00] [Server thread/INFO]: Unknown or incomplete command. See below for error
[20:01:00] [Server thread/INFO]: <--[HERE]
[20:01:59] [Server thread/INFO]: Server empty for 60 seconds, pausing
[20:13:48] [Server thread/INFO]: Erni[/127.79.223.24:39797] logged in with entity id 99 at (893.202668095624, 66.0, 899.6268270839372)
[20:13:48] [Server thread/INFO]: Erni joined the game
[20:15:30] [Server thread/INFO]: Erni lost connection: Disconnected
[20:15:30] [Server thread/INFO]: Erni left the game
[20:16:30] [Server thread/INFO]: Server empty for 60 seconds, pausing
